<?xml version="1.0" encoding="UTF-8"?>
<!-- Generated by org.testng.reporters.JUnitXMLReporter -->
<testsuite ignored="0" hostname="Tamannas-MacBook-Pro.local" failures="1" tests="3" name="Search_product_test" time="13.356" errors="0" timestamp="2024-12-19T11:00:37 EST">
  <testcase classname="com.tutorialsNinja.TestCases.SearchProductTest" name="verifySearchWithValidProduct" time="0.551">
    <failure type="java.lang.AssertionError">
      <![CDATA[java.lang.AssertionError: 
at com.tutorialsNinja.TestCases.SearchProductTest.verifySearchWithValidProduct(SearchProductTest.java:34)
at java.base/java.util.ArrayList.forEach(ArrayList.java:1511)
at java.base/java.util.concurrent.FutureTask.run(FutureTask.java:264)
at java.base/java.util.concurrent.ThreadPoolExecutor.runWorker(ThreadPoolExecutor.java:1136)
at java.base/java.util.concurrent.ThreadPoolExecutor$Worker.run(ThreadPoolExecutor.java:635)
at java.base/java.lang.Thread.run(Thread.java:842)
... Removed 19 stack frames]]>
    </failure>
  </testcase> <!-- verifySearchWithValidProduct -->
  <testcase classname="com.tutorialsNinja.TestCases.SearchProductTest" name="verifySearchWithInvalidProduct" time="0.495"/>
  <testcase classname="com.tutorialsNinja.TestCases.SearchProductTest" name="verifySearchWithNoProduct" time="0.488"/>
</testsuite> <!-- Search_product_test -->
