<?xml version="1.0" encoding="UTF-8"?>
<!-- Generated by org.testng.reporters.JUnitXMLReporter -->
<testsuite ignored="0" hostname="Tamannas-MacBook-Pro.local" failures="1" tests="27" name="Test" time="130.869" errors="0" timestamp="2024-12-19T11:26:52 EST">
  <testcase classname="com.tutorialsNinja.TestCases.RegisterTest" name="registerWithMandatoryFields" time="1.114"/>
  <testcase classname="com.tutorialsNinja.TestCases.RegisterTest" name="registerWithMandatoryFields" time="1.211"/>
  <testcase classname="com.tutorialsNinja.TestCases.RegisterTest" name="registerWithMandatoryFields" time="1.1"/>
  <testcase classname="com.tutorialsNinja.TestCases.RegisterTest" name="registerWithMandatoryFields" time="2.375"/>
  <testcase classname="com.tutorialsNinja.TestCases.RegisterTest" name="registerWithMandatoryFields" time="1.14"/>
  <testcase classname="com.tutorialsNinja.TestCases.RegisterTest" name="registerWithMandatoryFields" time="1.143"/>
  <testcase classname="com.tutorialsNinja.TestCases.RegisterTest" name="registerWithMandatoryFields" time="1.164"/>
  <testcase classname="com.tutorialsNinja.TestCases.RegisterTest" name="registerWithMandatoryFields" time="1.245"/>
  <testcase classname="com.tutorialsNinja.TestCases.RegisterTest" name="registerWithAllDetails" time="1.151"/>
  <testcase classname="com.tutorialsNinja.TestCases.RegisterTest" name="registerWithExistingEmail" time="0.679"/>
  <testcase classname="com.tutorialsNinja.TestCases.RegisterTest" name="registerWithWrongConfirmPassword" time="0.585"/>
  <testcase classname="com.tutorialsNinja.TestCases.RegisterTest" name="registerWithNoInputs" time="0.543"/>
  <testcase classname="com.tutorialsNinja.TestCases.LoginTest" name="verifyLoginWithValidCredentials" time="1.012"/>
  <testcase classname="com.tutorialsNinja.TestCases.LoginTest" name="verifyLoginWithValidCredentials" time="1.0"/>
  <testcase classname="com.tutorialsNinja.TestCases.LoginTest" name="verifyLoginWithValidCredentials" time="0.954"/>
  <testcase classname="com.tutorialsNinja.TestCases.LoginTest" name="verifyLoginWithValidCredentials" time="1.071"/>
  <testcase classname="com.tutorialsNinja.TestCases.LoginTest" name="verifyLoginWithValidCredentials" time="1.189"/>
  <testcase classname="com.tutorialsNinja.TestCases.LoginTest" name="verifyLoginWithValidCredentials" time="1.373"/>
  <testcase classname="com.tutorialsNinja.TestCases.LoginTest" name="verifyLoginWithValidCredentials" time="1.052"/>
  <testcase classname="com.tutorialsNinja.TestCases.LoginTest" name="verifyLoginWithValidCredentials" time="0.99"/>
  <testcase classname="com.tutorialsNinja.TestCases.LoginTest" name="verifyLoginWithValidEmailInvalidPassword" time="0.79"/>
  <testcase classname="com.tutorialsNinja.TestCases.LoginTest" name="verifyLoginWithInvalidEmailValidPassword" time="0.744"/>
  <testcase classname="com.tutorialsNinja.TestCases.LoginTest" name="verifyLoginwithInvalidCredentials" time="0.68"/>
  <testcase classname="com.tutorialsNinja.TestCases.LoginTest" name="verifyLoginwithNoCredentials" time="0.676"/>
  <testcase classname="com.tutorialsNinja.TestCases.SearchProductTest" name="verifySearchWithValidProduct" time="0.478">
    <failure type="java.lang.AssertionError">
      <![CDATA[java.lang.AssertionError: 
at com.tutorialsNinja.TestCases.SearchProductTest.verifySearchWithValidProduct(SearchProductTest.java:34)
at java.base/java.util.ArrayList.forEach(ArrayList.java:1511)
... Removed 29 stack frames]]>
    </failure>
  </testcase> <!-- verifySearchWithValidProduct -->
  <testcase classname="com.tutorialsNinja.TestCases.SearchProductTest" name="verifySearchWithInvalidProduct" time="0.523"/>
  <testcase classname="com.tutorialsNinja.TestCases.SearchProductTest" name="verifySearchWithNoProduct" time="0.447"/>
</testsuite> <!-- Test -->
